<?xml version="1.0" encoding="UTF-8"?>
<!-- Generated by org.testng.reporters.JUnitXMLReporter -->
<testsuite ignored="0" hostname="Santosh" failures="0" tests="6" name="Default test" time="11.804" errors="0" timestamp="2023-05-28T22:02:47 IST">
  <testcase classname="api.test.DDTests" name="testPostUsers" time="3.541"/>
  <testcase classname="api.test.DDTests" name="testPostUsers" time="1.229"/>
  <testcase classname="api.test.DDTests" name="testPostUsers" time="1.178"/>
  <testcase classname="api.test.DDTests" name="testDeleteUserByName" time="1.216"/>
  <testcase classname="api.test.DDTests" name="testDeleteUserByName" time="1.21"/>
  <testcase classname="api.test.DDTests" name="testDeleteUserByName" time="1.204"/>
</testsuite> <!-- Default test -->
