<?xml version="1.0" encoding="UTF-8"?>
<!-- Generated by org.testng.reporters.JUnitXMLReporter -->
<testsuite ignored="0" hostname="Santosh" failures="0" tests="4" name="PetTests" time="11.249" errors="0" timestamp="2023-05-31T00:16:06 IST">
  <testcase classname="api.test.UserTests2" name="testPostUser" time="3.763"/>
  <testcase classname="api.test.UserTests2" name="testGetUserByName" time="1.539"/>
  <testcase classname="api.test.UserTests2" name="testUpdateUserByName" time="3.164"/>
  <testcase classname="api.test.UserTests2" name="testDeleteUserByName" time="1.536"/>
</testsuite> <!-- PetTests -->
