<?xml version="1.0" encoding="UTF-8"?>
<!-- Generated by org.testng.reporters.JUnitXMLReporter -->
<testsuite ignored="0" hostname="Santosh" failures="0" tests="4" name="PetTests" time="13.754" errors="0" timestamp="2023-05-30T22:45:56 IST">
  <testcase classname="api.test.UserTests2" name="testPostUser" time="4.881"/>
  <testcase classname="api.test.UserTests2" name="testGetUserByName" time="1.831"/>
  <testcase classname="api.test.UserTests2" name="testUpdateUserByName" time="3.155"/>
  <testcase classname="api.test.UserTests2" name="testDeleteUserByName" time="1.814"/>
</testsuite> <!-- PetTests -->
